<?xml version="1.0" encoding="UTF-8"?>
<!-- Generated by org.testng.reporters.JUnitReportReporter -->
<testsuite skipped="0" hostname="DESKTOP-GLRLHRK" name="test.scanario.CreateCurrencyTest" tests="1" failures="0" timestamp="13 Oct 2020 10:20:26 GMT" time="26.776" errors="0">
  <testcase name="loginTest" time="26.776" classname="test.scanario.CreateCurrencyTest"/>
</testsuite> <!-- test.scanario.CreateCurrencyTest -->
