<?xml version="1.0" encoding="UTF-8"?>
<!-- Generated by org.testng.reporters.JUnitReportReporter -->
<testsuite skipped="1" hostname="DESKTOP-GLRLHRK" name="test.scanario.DataDriverTest" tests="1" failures="0" timestamp="10 Oct 2020 18:13:01 GMT" time="0.000" errors="0">
  <testcase name="test1" time="0.000" classname="test.scanario.DataDriverTest">
    <skipped/>
  </testcase> <!-- test1 -->
</testsuite> <!-- test.scanario.DataDriverTest -->
