<?xml version="1.0" encoding="UTF-8"?>
<!-- Generated by org.testng.reporters.JUnitReportReporter -->
<testsuite skipped="0" hostname="DESKTOP-GLRLHRK" name="test.scanario.LoginPageTest" tests="4" failures="0" timestamp="12 Oct 2020 08:19:44 GMT" time="73.269" errors="0">
  <testcase name="test1" time="15.517" classname="test.scanario.LoginPageTest"/>
  <testcase name="test1" time="17.736" classname="test.scanario.LoginPageTest"/>
  <testcase name="test1" time="23.650" classname="test.scanario.LoginPageTest"/>
  <testcase name="test1" time="16.366" classname="test.scanario.LoginPageTest"/>
</testsuite> <!-- test.scanario.LoginPageTest -->
